INFO:root:Configs
INFO:root:NET_INFO_PATH : ./config.yml
INFO:root:EXPERIMENT_NAME : jyjung_test
INFO:root:IS_GPU : 0
INFO:root:TEST : 0
INFO:root:TRAINING : 1
INFO:root:VALIDATION : 2
INFO:root:DATASET_PATH : ./Dataset/
INFO:root:SAVE_PATH : model
INFO:root:PU_SIZE : [8, 32]
INFO:root:QP_LIST : [22, 32]
INFO:root:MODE_NUM : [11, 6]
INFO:root:INIT_LEARNING_RATE : 0.001
INFO:root:PRINT_PERIOD : 5
INFO:root:DATASET_NUM : 20000
INFO:root:BATCH_SIZE : 120
INFO:root:OBJECT_EPOCH : 20
INFO:root:GPU_MONITOR : 1
INFO:root:NUM_WORKER : 12
INFO:root:Training Set : 9 6666
INFO:root:Validation Set : 9
INFO:root:Test set : 1109
INFO:root:Training Start
INFO:root:TRAINING [Epoch : 1] loss : 1.1282, Accuracy : 52.0000
INFO:root:VALIDATION [Epoch : 1] loss : 0.9825, Accuracy : 54.2593
INFO:root:TRAINING [Epoch : 2] loss : 0.9440, Accuracy : 61.8333
INFO:root:VALIDATION [Epoch : 2] loss : 0.9429, Accuracy : 61.5741
INFO:root:TRAINING [Epoch : 3] loss : 0.9132, Accuracy : 63.5000
INFO:root:VALIDATION [Epoch : 3] loss : 0.9203, Accuracy : 61.3889
INFO:root:TRAINING [Epoch : 4] loss : 0.8940, Accuracy : 63.0000
INFO:root:VALIDATION [Epoch : 4] loss : 0.9154, Accuracy : 61.0185
INFO:root:TRAINING [Epoch : 5] loss : 0.8872, Accuracy : 63.5000
INFO:root:VALIDATION [Epoch : 5] loss : 0.9097, Accuracy : 61.2963
INFO:root:TRAINING [Epoch : 6] loss : 0.8770, Accuracy : 63.6667
INFO:root:VALIDATION [Epoch : 6] loss : 0.9067, Accuracy : 61.2963
INFO:root:TRAINING [Epoch : 7] loss : 0.8733, Accuracy : 63.8333
INFO:root:VALIDATION [Epoch : 7] loss : 0.9032, Accuracy : 61.5741
INFO:root:TRAINING [Epoch : 8] loss : 0.8677, Accuracy : 63.8333
INFO:root:VALIDATION [Epoch : 8] loss : 0.9003, Accuracy : 60.6481
INFO:root:TRAINING [Epoch : 9] loss : 0.8623, Accuracy : 63.6667
