[INFO|MainNetwork.py:95] 2019-10-23 15:49:33,425 > Configs
[INFO|MainNetwork.py:97] 2019-10-23 15:49:33,425 > NET_INFO_PATH : ./config.yml
[INFO|MainNetwork.py:97] 2019-10-23 15:49:33,425 > EXPERIMENT_NAME : jyjung_test
[INFO|MainNetwork.py:97] 2019-10-23 15:49:33,425 > IS_GPU : 0
[INFO|MainNetwork.py:97] 2019-10-23 15:49:33,425 > TEST : 0
[INFO|MainNetwork.py:97] 2019-10-23 15:49:33,425 > TRAINING : 1
[INFO|MainNetwork.py:97] 2019-10-23 15:49:33,425 > VALIDATION : 2
[INFO|MainNetwork.py:97] 2019-10-23 15:49:33,425 > DATASET_PATH : ./Dataset/
[INFO|MainNetwork.py:97] 2019-10-23 15:49:33,426 > SAVE_PATH : model
[INFO|MainNetwork.py:97] 2019-10-23 15:49:33,426 > PU_SIZE : [8, 32]
[INFO|MainNetwork.py:97] 2019-10-23 15:49:33,426 > QP_LIST : [22, 32]
[INFO|MainNetwork.py:97] 2019-10-23 15:49:33,426 > MODE_NUM : [11, 6]
[INFO|MainNetwork.py:97] 2019-10-23 15:49:33,426 > INIT_LEARNING_RATE : 0.001
[INFO|MainNetwork.py:97] 2019-10-23 15:49:33,426 > PRINT_PERIOD : 5
[INFO|MainNetwork.py:97] 2019-10-23 15:49:33,426 > DATASET_NUM : 20000
[INFO|MainNetwork.py:97] 2019-10-23 15:49:33,426 > BATCH_SIZE : 120
[INFO|MainNetwork.py:97] 2019-10-23 15:49:33,426 > OBJECT_EPOCH : 20
[INFO|MainNetwork.py:97] 2019-10-23 15:49:33,426 > GPU_MONITOR : 1
[INFO|MainNetwork.py:97] 2019-10-23 15:49:33,426 > NUM_WORKER : 12
[INFO|MainNetwork.py:148] 2019-10-23 15:49:36,131 > Training Set : 9 6666
[INFO|MainNetwork.py:149] 2019-10-23 15:49:36,134 > Validation Set : 9
[INFO|MainNetwork.py:150] 2019-10-23 15:49:36,134 > Test set : 1109
[INFO|MainNetwork.py:151] 2019-10-23 15:49:36,134 > Training Start
[INFO|MainNetwork.py:186] 2019-10-23 15:49:44,807 > TRAINING [Epoch : 1] loss : 1.7646, Accuracy : 1.5000
[INFO|MainNetwork.py:212] 2019-10-23 15:49:56,937 > VALIDATION [Epoch : 1] loss : 1.5598, Accuracy : 60.6481
[INFO|MainNetwork.py:186] 2019-10-23 15:50:05,002 > TRAINING [Epoch : 2] loss : 1.5155, Accuracy : 59.5000
[INFO|MainNetwork.py:212] 2019-10-23 15:50:17,206 > VALIDATION [Epoch : 2] loss : 1.3582, Accuracy : 61.0185
[INFO|MainNetwork.py:186] 2019-10-23 15:50:25,124 > TRAINING [Epoch : 3] loss : 1.3266, Accuracy : 60.0000
[INFO|MainNetwork.py:212] 2019-10-23 15:50:37,397 > VALIDATION [Epoch : 3] loss : 1.2065, Accuracy : 61.0185
[INFO|MainNetwork.py:186] 2019-10-23 15:50:45,261 > TRAINING [Epoch : 4] loss : 1.1867, Accuracy : 60.0000
