[INFO|MainNetwork.py:94] 2019-10-23 15:44:26,659 > Configs
[INFO|MainNetwork.py:96] 2019-10-23 15:44:26,659 > NET_INFO_PATH : ./config.yml
[INFO|MainNetwork.py:96] 2019-10-23 15:44:26,659 > EXPERIMENT_NAME : jyjung_test
[INFO|MainNetwork.py:96] 2019-10-23 15:44:26,659 > IS_GPU : 0
[INFO|MainNetwork.py:96] 2019-10-23 15:44:26,659 > TEST : 0
[INFO|MainNetwork.py:96] 2019-10-23 15:44:26,659 > TRAINING : 1
[INFO|MainNetwork.py:96] 2019-10-23 15:44:26,659 > VALIDATION : 2
[INFO|MainNetwork.py:96] 2019-10-23 15:44:26,659 > DATASET_PATH : ./Dataset/
[INFO|MainNetwork.py:96] 2019-10-23 15:44:26,659 > SAVE_PATH : model
[INFO|MainNetwork.py:96] 2019-10-23 15:44:26,660 > PU_SIZE : [8, 32]
[INFO|MainNetwork.py:96] 2019-10-23 15:44:26,660 > QP_LIST : [22, 32]
[INFO|MainNetwork.py:96] 2019-10-23 15:44:26,660 > MODE_NUM : [11, 6]
[INFO|MainNetwork.py:96] 2019-10-23 15:44:26,660 > INIT_LEARNING_RATE : 0.001
[INFO|MainNetwork.py:96] 2019-10-23 15:44:26,660 > PRINT_PERIOD : 5
[INFO|MainNetwork.py:96] 2019-10-23 15:44:26,660 > DATASET_NUM : 20000
[INFO|MainNetwork.py:96] 2019-10-23 15:44:26,660 > BATCH_SIZE : 120
[INFO|MainNetwork.py:96] 2019-10-23 15:44:26,660 > OBJECT_EPOCH : 20
[INFO|MainNetwork.py:96] 2019-10-23 15:44:26,660 > GPU_MONITOR : 1
[INFO|MainNetwork.py:96] 2019-10-23 15:44:26,660 > NUM_WORKER : 12
[INFO|MainNetwork.py:147] 2019-10-23 15:44:29,586 > Training Set : 9 6666
[INFO|MainNetwork.py:148] 2019-10-23 15:44:29,586 > Validation Set : 9
[INFO|MainNetwork.py:149] 2019-10-23 15:44:29,587 > Test set : 1109
[INFO|MainNetwork.py:150] 2019-10-23 15:44:29,587 > Training Start
