[INFO|MainNetwork.py:90] 2019-10-23 15:16:14,320 > Configs
[INFO|MainNetwork.py:92] 2019-10-23 15:16:14,321 > NET_INFO_PATH : ./config.yml
[INFO|MainNetwork.py:92] 2019-10-23 15:16:14,321 > EXPERIMENT_NAME : jyjung_test
[INFO|MainNetwork.py:92] 2019-10-23 15:16:14,321 > IS_GPU : 0
[INFO|MainNetwork.py:92] 2019-10-23 15:16:14,322 > TEST : 0
[INFO|MainNetwork.py:92] 2019-10-23 15:16:14,322 > TRAINING : 1
[INFO|MainNetwork.py:92] 2019-10-23 15:16:14,322 > VALIDATION : 2
[INFO|MainNetwork.py:92] 2019-10-23 15:16:14,322 > DATASET_PATH : ./Dataset/
[INFO|MainNetwork.py:92] 2019-10-23 15:16:14,322 > SAVE_PATH : model
[INFO|MainNetwork.py:92] 2019-10-23 15:16:14,322 > PU_SIZE : [8, 32]
[INFO|MainNetwork.py:92] 2019-10-23 15:16:14,323 > QP_LIST : [22, 32]
[INFO|MainNetwork.py:92] 2019-10-23 15:16:14,323 > MODE_NUM : [11, 6]
[INFO|MainNetwork.py:92] 2019-10-23 15:16:14,323 > INIT_LEARNING_RATE : 0.001
[INFO|MainNetwork.py:92] 2019-10-23 15:16:14,323 > PRINT_PERIOD : 10
[INFO|MainNetwork.py:92] 2019-10-23 15:16:14,324 > DATASET_NUM : 20000
[INFO|MainNetwork.py:92] 2019-10-23 15:16:14,324 > BATCH_SIZE : 120
[INFO|MainNetwork.py:92] 2019-10-23 15:16:14,324 > OBJECT_EPOCH : 20
[INFO|MainNetwork.py:92] 2019-10-23 15:16:14,324 > GPU_MONITOR : 1
[INFO|MainNetwork.py:92] 2019-10-23 15:16:14,324 > NUM_WORKER : 12
[INFO|MainNetwork.py:143] 2019-10-23 15:16:17,612 > Training Set : 9 6666
[INFO|MainNetwork.py:144] 2019-10-23 15:16:17,614 > Validation Set : 9
[INFO|MainNetwork.py:145] 2019-10-23 15:16:17,617 > Test set : 1109
[INFO|MainNetwork.py:146] 2019-10-23 15:16:17,619 > Training Start
