[INFO|MainNetwork.py:90] 2019-10-23 15:17:13,861 > Configs
[INFO|MainNetwork.py:92] 2019-10-23 15:17:13,862 > NET_INFO_PATH : ./config.yml
[INFO|MainNetwork.py:92] 2019-10-23 15:17:13,862 > EXPERIMENT_NAME : jyjung_test
[INFO|MainNetwork.py:92] 2019-10-23 15:17:13,862 > IS_GPU : 0
[INFO|MainNetwork.py:92] 2019-10-23 15:17:13,862 > TEST : 0
[INFO|MainNetwork.py:92] 2019-10-23 15:17:13,862 > TRAINING : 1
[INFO|MainNetwork.py:92] 2019-10-23 15:17:13,863 > VALIDATION : 2
[INFO|MainNetwork.py:92] 2019-10-23 15:17:13,863 > DATASET_PATH : ./Dataset/
[INFO|MainNetwork.py:92] 2019-10-23 15:17:13,863 > SAVE_PATH : model
[INFO|MainNetwork.py:92] 2019-10-23 15:17:13,863 > PU_SIZE : [8, 32]
[INFO|MainNetwork.py:92] 2019-10-23 15:17:13,863 > QP_LIST : [22, 32]
[INFO|MainNetwork.py:92] 2019-10-23 15:17:13,863 > MODE_NUM : [11, 6]
[INFO|MainNetwork.py:92] 2019-10-23 15:17:13,864 > INIT_LEARNING_RATE : 0.001
[INFO|MainNetwork.py:92] 2019-10-23 15:17:13,864 > PRINT_PERIOD : 5
[INFO|MainNetwork.py:92] 2019-10-23 15:17:13,864 > DATASET_NUM : 20000
[INFO|MainNetwork.py:92] 2019-10-23 15:17:13,864 > BATCH_SIZE : 120
[INFO|MainNetwork.py:92] 2019-10-23 15:17:13,864 > OBJECT_EPOCH : 20
[INFO|MainNetwork.py:92] 2019-10-23 15:17:13,864 > GPU_MONITOR : 1
[INFO|MainNetwork.py:92] 2019-10-23 15:17:13,865 > NUM_WORKER : 12
[INFO|MainNetwork.py:143] 2019-10-23 15:17:17,029 > Training Set : 9 6666
[INFO|MainNetwork.py:144] 2019-10-23 15:17:17,032 > Validation Set : 9
[INFO|MainNetwork.py:145] 2019-10-23 15:17:17,035 > Test set : 1109
[INFO|MainNetwork.py:146] 2019-10-23 15:17:17,038 > Training Start
[INFO|MainNetwork.py:181] 2019-10-23 15:17:20,699 > TRAINING [Epoch : 1] loss : 1.1282, Accuracy : 52.0000
[INFO|MainNetwork.py:207] 2019-10-23 15:17:25,750 > VALIDATION [Epoch : 1] loss : 0.9825, Accuracy : 54.2593
[INFO|MainNetwork.py:181] 2019-10-23 15:17:28,933 > TRAINING [Epoch : 2] loss : 0.9440, Accuracy : 61.8333
[INFO|MainNetwork.py:207] 2019-10-23 15:17:34,154 > VALIDATION [Epoch : 2] loss : 0.9429, Accuracy : 61.5741
[INFO|MainNetwork.py:181] 2019-10-23 15:17:37,293 > TRAINING [Epoch : 3] loss : 0.9132, Accuracy : 63.5000
[INFO|MainNetwork.py:207] 2019-10-23 15:17:42,210 > VALIDATION [Epoch : 3] loss : 0.9203, Accuracy : 61.3889
[INFO|MainNetwork.py:181] 2019-10-23 15:17:45,302 > TRAINING [Epoch : 4] loss : 0.8940, Accuracy : 63.0000
[INFO|MainNetwork.py:207] 2019-10-23 15:17:50,233 > VALIDATION [Epoch : 4] loss : 0.9154, Accuracy : 61.0185
[INFO|MainNetwork.py:181] 2019-10-23 15:17:53,318 > TRAINING [Epoch : 5] loss : 0.8872, Accuracy : 63.5000
[INFO|MainNetwork.py:207] 2019-10-23 15:17:58,195 > VALIDATION [Epoch : 5] loss : 0.9097, Accuracy : 61.2963
[INFO|MainNetwork.py:181] 2019-10-23 15:18:01,292 > TRAINING [Epoch : 6] loss : 0.8770, Accuracy : 63.6667
[INFO|MainNetwork.py:207] 2019-10-23 15:18:06,135 > VALIDATION [Epoch : 6] loss : 0.9067, Accuracy : 61.2963
[INFO|MainNetwork.py:181] 2019-10-23 15:18:09,213 > TRAINING [Epoch : 7] loss : 0.8733, Accuracy : 63.8333
[INFO|MainNetwork.py:207] 2019-10-23 15:18:14,102 > VALIDATION [Epoch : 7] loss : 0.9032, Accuracy : 61.5741
[INFO|MainNetwork.py:181] 2019-10-23 15:18:17,188 > TRAINING [Epoch : 8] loss : 0.8677, Accuracy : 63.8333
[INFO|MainNetwork.py:207] 2019-10-23 15:18:22,133 > VALIDATION [Epoch : 8] loss : 0.9003, Accuracy : 60.6481
[INFO|MainNetwork.py:181] 2019-10-23 15:18:56,733 > TRAINING [Epoch : 9] loss : 0.8623, Accuracy : 63.6667
