[INFO|MainNetwork.py:90] 2019-10-23 15:15:48,250 > Configs
[INFO|MainNetwork.py:92] 2019-10-23 15:15:48,250 > NET_INFO_PATH : ./config.yml
[INFO|MainNetwork.py:92] 2019-10-23 15:15:48,250 > EXPERIMENT_NAME : jyjung_test
[INFO|MainNetwork.py:92] 2019-10-23 15:15:48,251 > IS_GPU : 0
[INFO|MainNetwork.py:92] 2019-10-23 15:15:48,251 > TEST : 0
[INFO|MainNetwork.py:92] 2019-10-23 15:15:48,251 > TRAINING : 1
[INFO|MainNetwork.py:92] 2019-10-23 15:15:48,251 > VALIDATION : 2
[INFO|MainNetwork.py:92] 2019-10-23 15:15:48,252 > DATASET_PATH : ./Dataset/
[INFO|MainNetwork.py:92] 2019-10-23 15:15:48,252 > SAVE_PATH : model
[INFO|MainNetwork.py:92] 2019-10-23 15:15:48,252 > PU_SIZE : [8, 32]
[INFO|MainNetwork.py:92] 2019-10-23 15:15:48,252 > QP_LIST : [22, 32]
[INFO|MainNetwork.py:92] 2019-10-23 15:15:48,253 > MODE_NUM : [11, 6]
[INFO|MainNetwork.py:92] 2019-10-23 15:15:48,253 > INIT_LEARNING_RATE : 0.001
[INFO|MainNetwork.py:92] 2019-10-23 15:15:48,253 > PRINT_PERIOD : 10
[INFO|MainNetwork.py:92] 2019-10-23 15:15:48,253 > DATASET_NUM : 20000
[INFO|MainNetwork.py:92] 2019-10-23 15:15:48,253 > BATCH_SIZE : 120
[INFO|MainNetwork.py:92] 2019-10-23 15:15:48,254 > OBJECT_EPOCH : 20
[INFO|MainNetwork.py:92] 2019-10-23 15:15:48,254 > GPU_MONITOR : 1
[INFO|MainNetwork.py:92] 2019-10-23 15:15:48,254 > NUM_WORKER : 12
[INFO|MainNetwork.py:143] 2019-10-23 15:15:50,683 > Training Set : 9 6666
[INFO|MainNetwork.py:144] 2019-10-23 15:15:50,684 > Validation Set : 9
[INFO|MainNetwork.py:145] 2019-10-23 15:15:50,684 > Test set : 1109
[INFO|MainNetwork.py:146] 2019-10-23 15:15:50,684 > Training Start
[INFO|MainNetwork.py:207] 2019-10-23 15:15:59,223 > VALIDATION [Epoch : 1] loss : 0.9570, Accuracy : 60.5556
[INFO|MainNetwork.py:207] 2019-10-23 15:16:07,259 > VALIDATION [Epoch : 2] loss : 0.9399, Accuracy : 60.5556
