[INFO|MainNetwork.py:95] 2019-10-23 15:45:19,204 > Configs
[INFO|MainNetwork.py:97] 2019-10-23 15:45:19,204 > NET_INFO_PATH : ./config.yml
[INFO|MainNetwork.py:97] 2019-10-23 15:45:19,204 > EXPERIMENT_NAME : jyjung_test
[INFO|MainNetwork.py:97] 2019-10-23 15:45:19,204 > IS_GPU : 0
[INFO|MainNetwork.py:97] 2019-10-23 15:45:19,204 > TEST : 0
[INFO|MainNetwork.py:97] 2019-10-23 15:45:19,204 > TRAINING : 1
[INFO|MainNetwork.py:97] 2019-10-23 15:45:19,204 > VALIDATION : 2
[INFO|MainNetwork.py:97] 2019-10-23 15:45:19,205 > DATASET_PATH : ./Dataset/
[INFO|MainNetwork.py:97] 2019-10-23 15:45:19,205 > SAVE_PATH : model
[INFO|MainNetwork.py:97] 2019-10-23 15:45:19,205 > PU_SIZE : [8, 32]
[INFO|MainNetwork.py:97] 2019-10-23 15:45:19,205 > QP_LIST : [22, 32]
[INFO|MainNetwork.py:97] 2019-10-23 15:45:19,205 > MODE_NUM : [11, 6]
[INFO|MainNetwork.py:97] 2019-10-23 15:45:19,205 > INIT_LEARNING_RATE : 0.001
[INFO|MainNetwork.py:97] 2019-10-23 15:45:19,205 > PRINT_PERIOD : 5
[INFO|MainNetwork.py:97] 2019-10-23 15:45:19,205 > DATASET_NUM : 20000
[INFO|MainNetwork.py:97] 2019-10-23 15:45:19,205 > BATCH_SIZE : 120
[INFO|MainNetwork.py:97] 2019-10-23 15:45:19,205 > OBJECT_EPOCH : 20
[INFO|MainNetwork.py:97] 2019-10-23 15:45:19,206 > GPU_MONITOR : 1
[INFO|MainNetwork.py:97] 2019-10-23 15:45:19,206 > NUM_WORKER : 12
[INFO|MainNetwork.py:148] 2019-10-23 15:45:22,029 > Training Set : 9 6666
[INFO|MainNetwork.py:149] 2019-10-23 15:45:22,029 > Validation Set : 9
[INFO|MainNetwork.py:150] 2019-10-23 15:45:22,029 > Test set : 1109
[INFO|MainNetwork.py:151] 2019-10-23 15:45:22,030 > Training Start
[INFO|MainNetwork.py:186] 2019-10-23 15:45:25,762 > TRAINING [Epoch : 1] loss : 1.6292, Accuracy : 36.1667
[INFO|MainNetwork.py:212] 2019-10-23 15:45:30,714 > VALIDATION [Epoch : 1] loss : 1.0175, Accuracy : 59.8148
[INFO|MainNetwork.py:186] 2019-10-23 15:45:33,825 > TRAINING [Epoch : 2] loss : 0.9783, Accuracy : 59.0000
[INFO|MainNetwork.py:212] 2019-10-23 15:45:38,677 > VALIDATION [Epoch : 2] loss : 0.9497, Accuracy : 59.8148
[INFO|MainNetwork.py:186] 2019-10-23 15:45:41,734 > TRAINING [Epoch : 3] loss : 0.9487, Accuracy : 59.0000
[INFO|MainNetwork.py:212] 2019-10-23 15:45:46,589 > VALIDATION [Epoch : 3] loss : 0.9557, Accuracy : 59.8148
[INFO|MainNetwork.py:186] 2019-10-23 15:45:49,746 > TRAINING [Epoch : 4] loss : 0.9490, Accuracy : 59.0000
